2026-05-21 23:12:46,924 [INFO] ==================================================
2026-05-21 23:12:46,924 [INFO] DAILY MODE — Updating prices for existing products
2026-05-21 23:12:46,924 [INFO] ==================================================
2026-05-21 23:12:48,495 [INFO] HTTP Request: GET https://xjwyfyiuucbyrljemyma.supabase.co/rest/v1/products?select=id%2Cname%2Camazon_asin&amazon_asin=not.is.null "HTTP/2 200 OK"
2026-05-21 23:12:48,506 [INFO] Found 5 products to update
2026-05-21 23:13:12,992 [INFO] ==================================================
2026-05-21 23:13:12,992 [INFO] DAILY MODE — Updating prices for existing products
2026-05-21 23:13:12,992 [INFO] ==================================================
2026-05-21 23:13:13,352 [INFO] HTTP Request: GET https://xjwyfyiuucbyrljemyma.supabase.co/rest/v1/products?select=id%2Cname%2Camazon_asin&amazon_asin=not.is.null "HTTP/2 200 OK"
2026-05-21 23:13:13,372 [INFO] Found 5 products to update
2026-05-21 23:13:13,372 [INFO] Using user agent: Mozilla/5.0 (Windows NT 10.0; Win64; x64) AppleWebKit/537.36 (KHTML, like Gecko)...
2026-05-21 23:13:14,421 [INFO] patching driver executable /Users/anmolmishra/Library/Application Support/undetected_chromedriver/undetected_chromedriver
2026-05-21 23:13:18,153 [INFO] Updating: Spigen Alignmaster S Tempered Glass Screen Protect
2026-05-21 23:13:29,710 [WARNING]   ⚠️ No price found for Spigen Alignmaster S Tempered Glass Screen Protect
2026-05-21 23:13:31,712 [INFO] Updating: Duracell 38w Fast Car Charger Adapter With Dual Ou
2026-05-21 23:13:36,967 [WARNING]   ⚠️ No price found for Duracell 38w Fast Car Charger Adapter With Dual Ou
2026-05-21 23:13:38,972 [INFO] Updating: Domo Slate Slp8 T310 Os13 10 1 Inch 4g Tablet With
2026-05-21 23:13:47,639 [WARNING]   ⚠️ No price found for Domo Slate Slp8 T310 Os13 10 1 Inch 4g Tablet With
2026-05-21 23:13:49,650 [INFO] Updating: Oneplus Nord Buds 3
2026-05-21 23:13:55,176 [WARNING]   ⚠️ No price found for Oneplus Nord Buds 3
2026-05-21 23:13:57,182 [INFO] Updating: Apple Ipad Pro 11 Ultra Retina Xdr
2026-05-21 23:14:00,562 [WARNING]   ⚠️ No price found for Apple Ipad Pro 11 Ultra Retina Xdr
2026-05-21 23:14:02,883 [INFO] 
✅ Daily update complete — Updated: 0, Failed: 5
2026-05-21 23:26:23,475 [INFO] ==================================================
2026-05-21 23:26:23,476 [INFO] DAILY MODE — Updating prices for existing products
2026-05-21 23:26:23,476 [INFO] ==================================================
2026-05-21 23:26:28,289 [INFO] HTTP Request: GET https://xjwyfyiuucbyrljemyma.supabase.co/rest/v1/products?select=id%2Cname%2Camazon_asin&amazon_asin=not.is.null "HTTP/2 200 OK"
2026-05-21 23:26:28,308 [INFO] Found 5 products to update
2026-05-21 23:26:28,308 [INFO] Using user agent: Mozilla/5.0 (Windows NT 10.0; Win64; x64) AppleWebKit/537.36 (KHTML, like Gecko)...
2026-05-21 23:26:32,882 [INFO] patching driver executable /Users/anmolmishra/Library/Application Support/undetected_chromedriver/undetected_chromedriver
2026-05-21 23:26:36,382 [INFO] Updating: Spigen Alignmaster S Tempered Glass Screen Protect
2026-05-21 23:26:51,578 [INFO] HTTP Request: PATCH https://xjwyfyiuucbyrljemyma.supabase.co/rest/v1/products?id=eq.248cc682-1ecf-4bd6-a821-4aad1b36431a "HTTP/2 200 OK"
2026-05-21 23:26:51,714 [INFO] HTTP Request: PATCH https://xjwyfyiuucbyrljemyma.supabase.co/rest/v1/product_prices?product_id=eq.248cc682-1ecf-4bd6-a821-4aad1b36431a&platform=eq.amazon "HTTP/2 200 OK"
2026-05-21 23:26:51,918 [INFO] HTTP Request: PATCH https://xjwyfyiuucbyrljemyma.supabase.co/rest/v1/product_reviews?product_id=eq.248cc682-1ecf-4bd6-a821-4aad1b36431a&platform=eq.amazon "HTTP/2 200 OK"
2026-05-21 23:26:51,919 [INFO]   ✅ Price updated: ₹899
2026-05-21 23:26:53,924 [INFO] Updating: Duracell 38w Fast Car Charger Adapter With Dual Ou
2026-05-21 23:26:59,565 [INFO] HTTP Request: PATCH https://xjwyfyiuucbyrljemyma.supabase.co/rest/v1/products?id=eq.9e039928-87b8-4aaa-8f28-48c37166ae1e "HTTP/2 200 OK"
2026-05-21 23:26:59,641 [INFO] HTTP Request: PATCH https://xjwyfyiuucbyrljemyma.supabase.co/rest/v1/product_prices?product_id=eq.9e039928-87b8-4aaa-8f28-48c37166ae1e&platform=eq.amazon "HTTP/2 200 OK"
2026-05-21 23:26:59,715 [INFO] HTTP Request: PATCH https://xjwyfyiuucbyrljemyma.supabase.co/rest/v1/product_reviews?product_id=eq.9e039928-87b8-4aaa-8f28-48c37166ae1e&platform=eq.amazon "HTTP/2 200 OK"
2026-05-21 23:26:59,715 [INFO]   ✅ Price updated: ₹868
2026-05-21 23:27:01,720 [INFO] Updating: Domo Slate Slp8 T310 Os13 10 1 Inch 4g Tablet With
2026-05-21 23:27:05,097 [WARNING]   ⚠️ No price found for Domo Slate Slp8 T310 Os13 10 1 Inch 4g Tablet With
2026-05-21 23:27:07,098 [INFO] Updating: Oneplus Nord Buds 3
2026-05-21 23:27:12,669 [INFO] HTTP Request: PATCH https://xjwyfyiuucbyrljemyma.supabase.co/rest/v1/products?id=eq.7e6f3ee7-f6fb-47a3-a2da-f84cdd817c82 "HTTP/2 200 OK"
2026-05-21 23:27:12,744 [INFO] HTTP Request: PATCH https://xjwyfyiuucbyrljemyma.supabase.co/rest/v1/product_prices?product_id=eq.7e6f3ee7-f6fb-47a3-a2da-f84cdd817c82&platform=eq.amazon "HTTP/2 200 OK"
2026-05-21 23:27:12,812 [INFO] HTTP Request: PATCH https://xjwyfyiuucbyrljemyma.supabase.co/rest/v1/product_reviews?product_id=eq.7e6f3ee7-f6fb-47a3-a2da-f84cdd817c82&platform=eq.amazon "HTTP/2 200 OK"
2026-05-21 23:27:12,813 [INFO]   ✅ Price updated: ₹2249
2026-05-21 23:27:14,816 [INFO] Updating: Apple Ipad Pro 11 Ultra Retina Xdr
2026-05-21 23:27:18,541 [INFO] HTTP Request: PATCH https://xjwyfyiuucbyrljemyma.supabase.co/rest/v1/products?id=eq.377c8b7f-a201-43cc-b00c-912f88d4debd "HTTP/2 200 OK"
2026-05-21 23:27:18,602 [INFO] HTTP Request: PATCH https://xjwyfyiuucbyrljemyma.supabase.co/rest/v1/product_prices?product_id=eq.377c8b7f-a201-43cc-b00c-912f88d4debd&platform=eq.amazon "HTTP/2 200 OK"
2026-05-21 23:27:18,707 [INFO] HTTP Request: PATCH https://xjwyfyiuucbyrljemyma.supabase.co/rest/v1/product_reviews?product_id=eq.377c8b7f-a201-43cc-b00c-912f88d4debd&platform=eq.amazon "HTTP/2 200 OK"
2026-05-21 23:27:18,707 [INFO]   ✅ Price updated: ₹148698
2026-05-21 23:27:21,059 [INFO] 
✅ Daily update complete — Updated: 4, Failed: 1
2026-05-21 23:37:01,991 [INFO] ==================================================
2026-05-21 23:37:01,991 [INFO] DAILY MODE — Updating prices for existing products
2026-05-21 23:37:01,991 [INFO] ==================================================
2026-05-21 23:37:04,116 [INFO] HTTP Request: GET https://xjwyfyiuucbyrljemyma.supabase.co/rest/v1/products?select=id%2Cname%2Camazon_asin&amazon_asin=not.is.null "HTTP/2 200 OK"
2026-05-21 23:37:04,125 [INFO] Found 5 products to update
2026-05-21 23:37:04,126 [INFO] Using user agent: Mozilla/5.0 (Windows NT 10.0; Win64; x64) AppleWebKit/537.36 (KHTML, like Gecko)...
2026-05-21 23:37:05,214 [INFO] patching driver executable /Users/anmolmishra/Library/Application Support/undetected_chromedriver/undetected_chromedriver
2026-05-21 23:37:08,728 [INFO] Updating: Spigen Alignmaster S Tempered Glass Screen Protect
2026-05-21 23:37:19,436 [INFO] HTTP Request: PATCH https://xjwyfyiuucbyrljemyma.supabase.co/rest/v1/products?id=eq.248cc682-1ecf-4bd6-a821-4aad1b36431a "HTTP/2 200 OK"
2026-05-21 23:37:19,491 [INFO] HTTP Request: PATCH https://xjwyfyiuucbyrljemyma.supabase.co/rest/v1/product_prices?product_id=eq.248cc682-1ecf-4bd6-a821-4aad1b36431a&platform=eq.amazon "HTTP/2 200 OK"
2026-05-21 23:37:19,598 [INFO] HTTP Request: PATCH https://xjwyfyiuucbyrljemyma.supabase.co/rest/v1/product_reviews?product_id=eq.248cc682-1ecf-4bd6-a821-4aad1b36431a&platform=eq.amazon "HTTP/2 200 OK"
2026-05-21 23:37:19,599 [INFO]   ✅ Price updated: ₹899
2026-05-21 23:37:21,605 [INFO] Updating: Duracell 38w Fast Car Charger Adapter With Dual Ou
2026-05-21 23:37:27,475 [INFO] HTTP Request: PATCH https://xjwyfyiuucbyrljemyma.supabase.co/rest/v1/products?id=eq.9e039928-87b8-4aaa-8f28-48c37166ae1e "HTTP/2 200 OK"
2026-05-21 23:37:27,713 [INFO] HTTP Request: PATCH https://xjwyfyiuucbyrljemyma.supabase.co/rest/v1/product_prices?product_id=eq.9e039928-87b8-4aaa-8f28-48c37166ae1e&platform=eq.amazon "HTTP/2 200 OK"
2026-05-21 23:37:27,782 [INFO] HTTP Request: PATCH https://xjwyfyiuucbyrljemyma.supabase.co/rest/v1/product_reviews?product_id=eq.9e039928-87b8-4aaa-8f28-48c37166ae1e&platform=eq.amazon "HTTP/2 200 OK"
2026-05-21 23:37:27,783 [INFO]   ✅ Price updated: ₹868
2026-05-21 23:37:29,788 [INFO] Updating: Oneplus Nord Buds 3
2026-05-21 23:37:33,294 [INFO] HTTP Request: PATCH https://xjwyfyiuucbyrljemyma.supabase.co/rest/v1/products?id=eq.7e6f3ee7-f6fb-47a3-a2da-f84cdd817c82 "HTTP/2 200 OK"
2026-05-21 23:37:33,361 [INFO] HTTP Request: PATCH https://xjwyfyiuucbyrljemyma.supabase.co/rest/v1/product_prices?product_id=eq.7e6f3ee7-f6fb-47a3-a2da-f84cdd817c82&platform=eq.amazon "HTTP/2 200 OK"
2026-05-21 23:37:33,428 [INFO] HTTP Request: PATCH https://xjwyfyiuucbyrljemyma.supabase.co/rest/v1/product_reviews?product_id=eq.7e6f3ee7-f6fb-47a3-a2da-f84cdd817c82&platform=eq.amazon "HTTP/2 200 OK"
2026-05-21 23:37:33,429 [INFO]   ✅ Price updated: ₹2249
2026-05-21 23:37:35,429 [INFO] Updating: Domo Slate Slp8 T310 Os13 10 1 Inch 4g Tablet With
2026-05-21 23:37:39,708 [INFO]   ⚠️ Product unavailable on Amazon: Domo Slate Slp8 T310 Os13 10 1 Inch 4g Tablet With
2026-05-21 23:37:39,809 [INFO] HTTP Request: PATCH https://xjwyfyiuucbyrljemyma.supabase.co/rest/v1/products?id=eq.ce42cd15-31c6-4d40-878f-2bb7ec38784f "HTTP/2 200 OK"
2026-05-21 23:37:41,816 [INFO] Updating: Apple Ipad Pro 11 Ultra Retina Xdr
2026-05-21 23:37:45,271 [INFO] HTTP Request: PATCH https://xjwyfyiuucbyrljemyma.supabase.co/rest/v1/products?id=eq.377c8b7f-a201-43cc-b00c-912f88d4debd "HTTP/2 200 OK"
2026-05-21 23:37:45,332 [INFO] HTTP Request: PATCH https://xjwyfyiuucbyrljemyma.supabase.co/rest/v1/product_prices?product_id=eq.377c8b7f-a201-43cc-b00c-912f88d4debd&platform=eq.amazon "HTTP/2 200 OK"
2026-05-21 23:37:45,370 [INFO] HTTP Request: PATCH https://xjwyfyiuucbyrljemyma.supabase.co/rest/v1/product_reviews?product_id=eq.377c8b7f-a201-43cc-b00c-912f88d4debd&platform=eq.amazon "HTTP/2 200 OK"
2026-05-21 23:37:45,371 [INFO]   ✅ Price updated: ₹148698
2026-05-21 23:37:47,720 [INFO] 
✅ Daily update complete — Updated: 4, Failed: 1
2026-05-21 23:45:51,736 [INFO] ==================================================
2026-05-21 23:45:51,736 [INFO] DAILY MODE — Updating prices for existing products
2026-05-21 23:45:51,736 [INFO] ==================================================
2026-05-21 23:45:53,204 [INFO] HTTP Request: GET https://xjwyfyiuucbyrljemyma.supabase.co/rest/v1/products?select=id%2Cname%2Camazon_asin&amazon_asin=not.is.null "HTTP/2 200 OK"
2026-05-21 23:45:53,215 [INFO] Found 5 products to update
2026-05-21 23:45:53,215 [INFO] Using user agent: Mozilla/5.0 (Macintosh; Intel Mac OS X 10_15_7) AppleWebKit/537.36 (KHTML, like ...
2026-05-21 23:45:57,557 [INFO] patching driver executable /Users/anmolmishra/Library/Application Support/undetected_chromedriver/undetected_chromedriver
2026-05-21 23:46:00,569 [INFO] Updating: Spigen Alignmaster S Tempered Glass Screen Protect
2026-05-21 23:46:08,693 [INFO] HTTP Request: PATCH https://xjwyfyiuucbyrljemyma.supabase.co/rest/v1/products?id=eq.248cc682-1ecf-4bd6-a821-4aad1b36431a "HTTP/2 200 OK"
2026-05-21 23:46:08,772 [INFO] HTTP Request: PATCH https://xjwyfyiuucbyrljemyma.supabase.co/rest/v1/product_prices?product_id=eq.248cc682-1ecf-4bd6-a821-4aad1b36431a&platform=eq.amazon "HTTP/2 200 OK"
2026-05-21 23:46:08,884 [INFO] HTTP Request: PATCH https://xjwyfyiuucbyrljemyma.supabase.co/rest/v1/product_reviews?product_id=eq.248cc682-1ecf-4bd6-a821-4aad1b36431a&platform=eq.amazon "HTTP/2 200 OK"
2026-05-21 23:46:08,884 [INFO]   ✅ Price updated: ₹899
2026-05-21 23:46:10,889 [INFO] Updating: Duracell 38w Fast Car Charger Adapter With Dual Ou
2026-05-21 23:46:16,748 [INFO] HTTP Request: PATCH https://xjwyfyiuucbyrljemyma.supabase.co/rest/v1/products?id=eq.9e039928-87b8-4aaa-8f28-48c37166ae1e "HTTP/2 200 OK"
2026-05-21 23:46:16,903 [INFO] HTTP Request: PATCH https://xjwyfyiuucbyrljemyma.supabase.co/rest/v1/product_prices?product_id=eq.9e039928-87b8-4aaa-8f28-48c37166ae1e&platform=eq.amazon "HTTP/2 200 OK"
2026-05-21 23:46:16,957 [INFO] HTTP Request: PATCH https://xjwyfyiuucbyrljemyma.supabase.co/rest/v1/product_reviews?product_id=eq.9e039928-87b8-4aaa-8f28-48c37166ae1e&platform=eq.amazon "HTTP/2 200 OK"
2026-05-21 23:46:16,958 [INFO]   ✅ Price updated: ₹868
2026-05-21 23:46:18,963 [INFO] Updating: Oneplus Nord Buds 3
2026-05-21 23:46:24,946 [INFO] HTTP Request: PATCH https://xjwyfyiuucbyrljemyma.supabase.co/rest/v1/products?id=eq.7e6f3ee7-f6fb-47a3-a2da-f84cdd817c82 "HTTP/2 200 OK"
2026-05-21 23:46:25,008 [INFO] HTTP Request: PATCH https://xjwyfyiuucbyrljemyma.supabase.co/rest/v1/product_prices?product_id=eq.7e6f3ee7-f6fb-47a3-a2da-f84cdd817c82&platform=eq.amazon "HTTP/2 200 OK"
2026-05-21 23:46:25,074 [INFO] HTTP Request: PATCH https://xjwyfyiuucbyrljemyma.supabase.co/rest/v1/product_reviews?product_id=eq.7e6f3ee7-f6fb-47a3-a2da-f84cdd817c82&platform=eq.amazon "HTTP/2 200 OK"
2026-05-21 23:46:25,074 [INFO]   ✅ Price updated: ₹2249
2026-05-21 23:46:27,077 [INFO] Updating: Domo Slate Slp8 T310 Os13 10 1 Inch 4g Tablet With
2026-05-21 23:46:30,411 [INFO]   ⚠️ Product unavailable on Amazon: Domo Slate Slp8 T310 Os13 10 1 Inch 4g Tablet With
2026-05-21 23:46:30,502 [INFO] HTTP Request: PATCH https://xjwyfyiuucbyrljemyma.supabase.co/rest/v1/products?id=eq.ce42cd15-31c6-4d40-878f-2bb7ec38784f "HTTP/2 200 OK"
2026-05-21 23:46:32,508 [INFO] Updating: Apple Ipad Pro 11 Ultra Retina Xdr
2026-05-21 23:46:38,141 [INFO] HTTP Request: PATCH https://xjwyfyiuucbyrljemyma.supabase.co/rest/v1/products?id=eq.377c8b7f-a201-43cc-b00c-912f88d4debd "HTTP/2 200 OK"
2026-05-21 23:46:38,199 [INFO] HTTP Request: PATCH https://xjwyfyiuucbyrljemyma.supabase.co/rest/v1/product_prices?product_id=eq.377c8b7f-a201-43cc-b00c-912f88d4debd&platform=eq.amazon "HTTP/2 200 OK"
2026-05-21 23:46:38,247 [INFO] HTTP Request: PATCH https://xjwyfyiuucbyrljemyma.supabase.co/rest/v1/product_reviews?product_id=eq.377c8b7f-a201-43cc-b00c-912f88d4debd&platform=eq.amazon "HTTP/2 200 OK"
2026-05-21 23:46:38,248 [INFO]   ✅ Price updated: ₹148698
2026-05-21 23:46:40,565 [INFO] 
✅ Daily update complete — Updated: 4, Out of Stock: 1, Errors: 0
